{
  "stats": {
    "suites": 1,
    "tests": 3,
    "passes": 3,
    "pending": 0,
    "failures": 0,
    "start": "2021-04-29T13:03:15.449Z",
    "end": "2021-04-29T13:03:32.574Z",
    "duration": 17125,
    "testsRegistered": 3,
    "passPercent": 100,
    "pendingPercent": 0,
    "other": 0,
    "hasOther": false,
    "skipped": 0,
    "hasSkipped": false
  },
  "results": [
    {
      "uuid": "459b46fe-428f-4a42-962f-26828726aa74",
      "title": "",
      "fullFile": "cypress/integration/examples/wait.js",
      "file": "cypress/integration/examples/wait.js",
      "beforeHooks": [],
      "afterHooks": [],
      "tests": [],
      "suites": [
        {
          "uuid": "2553a714-65c7-4092-9ef1-bdf6b9a95f86",
          "title": "Test suit for wait",
          "fullFile": "",
          "file": "",
          "beforeHooks": [],
          "afterHooks": [],
          "tests": [
            {
              "title": "Test Codenbox Automation page",
              "fullTitle": "Test suit for wait Test Codenbox Automation page",
              "timedOut": null,
              "duration": 15334,
              "state": "passed",
              "speed": "slow",
              "pass": true,
              "fail": false,
              "pending": false,
              "context": null,
              "code": "cy.visit(\"https://codenboxautomationlab.com/practice\");\ncy.url().should('include', 'codenbox');\ncy.wait(3000);",
              "err": {},
              "uuid": "caa622a0-2cb7-4eca-8839-7711086e3b48",
              "parentUUID": "2553a714-65c7-4092-9ef1-bdf6b9a95f86",
              "isHook": false,
              "skipped": false
            },
            {
              "title": "Should pause the execution",
              "fullTitle": "Test suit for wait Should pause the execution",
              "timedOut": null,
              "duration": 66,
              "state": "passed",
              "speed": "medium",
              "pass": true,
              "fail": false,
              "pending": false,
              "context": null,
              "code": "cy.pause();",
              "err": {},
              "uuid": "cf87ddbe-9a94-4789-97db-64097833b4ab",
              "parentUUID": "2553a714-65c7-4092-9ef1-bdf6b9a95f86",
              "isHook": false,
              "skipped": false
            },
            {
              "title": "Should check the correct element on the page",
              "fullTitle": "Test suit for wait Should check the correct element on the page",
              "timedOut": null,
              "duration": 130,
              "state": "passed",
              "speed": "slow",
              "pass": true,
              "fail": false,
              "pending": false,
              "context": null,
              "code": "cy.get(\".page-title\").should('be.visible');",
              "err": {},
              "uuid": "b1d5f2fd-30c0-4cc0-b4d6-5c5c6e031a7b",
              "parentUUID": "2553a714-65c7-4092-9ef1-bdf6b9a95f86",
              "isHook": false,
              "skipped": false
            }
          ],
          "suites": [],
          "passes": [
            "caa622a0-2cb7-4eca-8839-7711086e3b48",
            "cf87ddbe-9a94-4789-97db-64097833b4ab",
            "b1d5f2fd-30c0-4cc0-b4d6-5c5c6e031a7b"
          ],
          "failures": [],
          "pending": [],
          "skipped": [],
          "duration": 15530,
          "root": false,
          "rootEmpty": false,
          "_timeout": 2000
        }
      ],
      "passes": [],
      "failures": [],
      "pending": [],
      "skipped": [],
      "duration": 0,
      "root": true,
      "rootEmpty": true,
      "_timeout": 2000
    }
  ],
  "meta": {
    "mocha": {
      "version": "7.0.1"
    },
    "mochawesome": {
      "options": {
        "quiet": false,
        "reportFilename": "mochawesome",
        "saveHtml": true,
        "saveJson": true,
        "consoleReporter": "spec",
        "useInlineDiffs": false,
        "code": true
      },
      "version": "6.2.2"
    },
    "marge": {
      "options": null,
      "version": "5.2.0"
    }
  }
}