{
  "stats": {
    "suites": 1,
    "tests": 1,
    "passes": 1,
    "pending": 0,
    "failures": 0,
    "start": "2021-04-27T09:06:02.589Z",
    "end": "2021-04-27T09:06:15.300Z",
    "duration": 12711,
    "testsRegistered": 1,
    "passPercent": 100,
    "pendingPercent": 0,
    "other": 0,
    "hasOther": false,
    "skipped": 0,
    "hasSkipped": false
  },
  "results": [
    {
      "uuid": "384e2d39-1427-4066-a4fa-b7911e585f2c",
      "title": "",
      "fullFile": "cypress/integration/examples/registrationTest.js",
      "file": "cypress/integration/examples/registrationTest.js",
      "beforeHooks": [],
      "afterHooks": [],
      "tests": [],
      "suites": [
        {
          "uuid": "349383b7-13a2-4435-831b-a576755af562",
          "title": "Testing the registration page",
          "fullFile": "",
          "file": "",
          "beforeHooks": [],
          "afterHooks": [],
          "tests": [
            {
              "title": "Should complete the registration",
              "fullTitle": "Testing the registration page Should complete the registration",
              "timedOut": null,
              "duration": 8913,
              "state": "passed",
              "speed": "slow",
              "pass": true,
              "fail": false,
              "pending": false,
              "context": null,
              "code": "_RegistrationPage.default.getFirstName('Nidal');\n_RegistrationPage.default.getLastName('Chalhoub');\n_RegistrationPage.default.getEmail('nidal.chalhoub@gmail.com');\n_RegistrationPage.default.selectDropdown();\n_RegistrationPage.default.selectRadioButton();",
              "err": {},
              "uuid": "4ca26ab1-93cb-4e56-adf8-236f2f2ee7da",
              "parentUUID": "349383b7-13a2-4435-831b-a576755af562",
              "isHook": false,
              "skipped": false
            }
          ],
          "suites": [],
          "passes": [
            "4ca26ab1-93cb-4e56-adf8-236f2f2ee7da"
          ],
          "failures": [],
          "pending": [],
          "skipped": [],
          "duration": 8913,
          "root": false,
          "rootEmpty": false,
          "_timeout": 2000
        }
      ],
      "passes": [],
      "failures": [],
      "pending": [],
      "skipped": [],
      "duration": 0,
      "root": true,
      "rootEmpty": true,
      "_timeout": 2000
    }
  ],
  "meta": {
    "mocha": {
      "version": "7.0.1"
    },
    "mochawesome": {
      "options": {
        "quiet": false,
        "reportFilename": "mochawesome",
        "saveHtml": true,
        "saveJson": true,
        "consoleReporter": "spec",
        "useInlineDiffs": false,
        "code": true
      },
      "version": "6.2.2"
    },
    "marge": {
      "options": null,
      "version": "5.2.0"
    }
  }
}